{"level":"warn","message":"APP_SECRET is not set. Browser API requests will rely on auth, CORS, and rate limits.","service":"restaurant-platform","timestamp":"2026-07-22T11:04:20.627Z"}
{"level":"info","message":"MongoDB Connected: ac-easwkco-shard-00-00.3ynbxui.mongodb.net","service":"restaurant-platform","timestamp":"2026-07-22T11:04:21.083Z"}
{"level":"info","message":"Demo data seeding is disabled","service":"restaurant-platform","timestamp":"2026-07-22T11:04:21.094Z"}
{"level":"info","message":"MongoDB Change Streams initialized for real-time order sync","service":"restaurant-platform","timestamp":"2026-07-22T11:04:21.100Z"}
{"level":"info","message":"DoorDash delivery polling enabled every 30000ms","service":"restaurant-platform","timestamp":"2026-07-22T11:04:21.101Z"}
{"level":"info","message":"Restaurant Commerce Platform running on port 5001","service":"restaurant-platform","timestamp":"2026-07-22T11:04:21.114Z"}
{"level":"info","message":"Database connected — APIs ready","service":"restaurant-platform","timestamp":"2026-07-22T11:04:21.115Z"}
{"error":{"code":"unknown_delivery_id","external_delivery_id":"DD-1784701730977-8011","message":"Invalid delivery UUID"},"externalDeliveryId":"DD-1784701730977-8011","level":"warn","message":"DoorDash delivery polling failed","orderId":"6a606322a0c4ad20ccee7efa","service":"restaurant-platform","timestamp":"2026-07-22T11:05:21.587Z"}
{"error":{"code":"unknown_delivery_id","external_delivery_id":"DD-1784701730944-9985","message":"Invalid delivery UUID"},"externalDeliveryId":"DD-1784701730944-9985","level":"warn","message":"DoorDash delivery polling failed","orderId":"6a606322a0c4ad20ccee7ef4","service":"restaurant-platform","timestamp":"2026-07-22T11:05:21.936Z"}
{"error":{"code":"unknown_delivery_id","external_delivery_id":"DD-1784701730977-8011","message":"Invalid delivery UUID"},"externalDeliveryId":"DD-1784701730977-8011","level":"warn","message":"DoorDash delivery polling failed","orderId":"6a606322a0c4ad20ccee7efa","service":"restaurant-platform","timestamp":"2026-07-22T11:06:51.594Z"}
{"error":{"code":"unknown_delivery_id","external_delivery_id":"DD-1784701730944-9985","message":"Invalid delivery UUID"},"externalDeliveryId":"DD-1784701730944-9985","level":"warn","message":"DoorDash delivery polling failed","orderId":"6a606322a0c4ad20ccee7ef4","service":"restaurant-platform","timestamp":"2026-07-22T11:06:51.937Z"}
{"error":{"code":"unknown_delivery_id","external_delivery_id":"DD-1784701730977-8011","message":"Invalid delivery UUID"},"externalDeliveryId":"DD-1784701730977-8011","level":"warn","message":"DoorDash delivery polling failed","orderId":"6a606322a0c4ad20ccee7efa","service":"restaurant-platform","timestamp":"2026-07-22T11:08:21.701Z"}
{"error":{"code":"unknown_delivery_id","external_delivery_id":"DD-1784701730944-9985","message":"Invalid delivery UUID"},"externalDeliveryId":"DD-1784701730944-9985","level":"warn","message":"DoorDash delivery polling failed","orderId":"6a606322a0c4ad20ccee7ef4","service":"restaurant-platform","timestamp":"2026-07-22T11:08:22.050Z"}
{"error":{"code":"unknown_delivery_id","external_delivery_id":"DD-1784701730977-8011","message":"Invalid delivery UUID"},"externalDeliveryId":"DD-1784701730977-8011","level":"warn","message":"DoorDash delivery polling failed","orderId":"6a606322a0c4ad20ccee7efa","service":"restaurant-platform","timestamp":"2026-07-22T11:09:51.634Z"}
{"error":{"code":"unknown_delivery_id","external_delivery_id":"DD-1784701730944-9985","message":"Invalid delivery UUID"},"externalDeliveryId":"DD-1784701730944-9985","level":"warn","message":"DoorDash delivery polling failed","orderId":"6a606322a0c4ad20ccee7ef4","service":"restaurant-platform","timestamp":"2026-07-22T11:09:51.988Z"}
{"error":{"code":"unknown_delivery_id","external_delivery_id":"DD-1784701730977-8011","message":"Invalid delivery UUID"},"externalDeliveryId":"DD-1784701730977-8011","level":"warn","message":"DoorDash delivery polling failed","orderId":"6a606322a0c4ad20ccee7efa","service":"restaurant-platform","timestamp":"2026-07-22T11:11:21.877Z"}
{"error":{"code":"unknown_delivery_id","external_delivery_id":"DD-1784701730944-9985","message":"Invalid delivery UUID"},"externalDeliveryId":"DD-1784701730944-9985","level":"warn","message":"DoorDash delivery polling failed","orderId":"6a606322a0c4ad20ccee7ef4","service":"restaurant-platform","timestamp":"2026-07-22T11:11:22.224Z"}
{"error":{"code":"unknown_delivery_id","external_delivery_id":"DD-1784701730977-8011","message":"Invalid delivery UUID"},"externalDeliveryId":"DD-1784701730977-8011","level":"warn","message":"DoorDash delivery polling failed","orderId":"6a606322a0c4ad20ccee7efa","service":"restaurant-platform","timestamp":"2026-07-22T11:12:51.651Z"}
{"error":{"code":"unknown_delivery_id","external_delivery_id":"DD-1784701730944-9985","message":"Invalid delivery UUID"},"externalDeliveryId":"DD-1784701730944-9985","level":"warn","message":"DoorDash delivery polling failed","orderId":"6a606322a0c4ad20ccee7ef4","service":"restaurant-platform","timestamp":"2026-07-22T11:12:51.998Z"}
{"level":"info","message":"Received SIGINT. Shutting down...","service":"restaurant-platform","timestamp":"2026-07-22T11:13:41.652Z"}
